[2021-04-09 16:14:37,229] [INFO] [base._start_message] -> 
                 --------------------------------------------------
                 Starting fuzzing session
                 Target: TcpTarget
                 UI: EmptyInterface
                 Log: ./kittylogs/kitty_20210409-161436.log

                 Total possible mutation count: 2
                 --------------------------------------------------
                                 Happy hacking
                 --------------------------------------------------
            
[2021-04-09 16:14:37,236] [INFO] [ics_fuzzer.start] -> Skipping environment test
[2021-04-09 16:14:37,247] [INFO] [ics_fuzzer._start] -> should keep running? True
[2021-04-09 16:14:37,507] [INFO] [tcp.pre_test] -> host>>>>10.151.197.241
[2021-04-09 16:14:37,507] [INFO] [tcp.pre_test] -> port>>>>102
[2021-04-09 16:14:39,579] [ERROR] [tcp.pre_test] -> Error: Traceback (most recent call last):
  File "/home/uzio/APPs/Fuzz-master/katnip/targets/tcp.py", line 61, in pre_test
    sock.connect((self.host, self.port))
  File "/usr/lib/python2.7/socket.py", line 228, in meth
    return getattr(self._sock,name)(*args)
timeout: timed out

[2021-04-09 16:14:39,583] [ERROR] [tcp.pre_test] -> Failed to connect to target server, retrying...
